2025-03-24 17:45:21.353 ERROR com.elephant.ConsumerApplication                  :55   [32m                  [0;39m Error occurred while calling sayHi
java.lang.reflect.UndeclaredThrowableException: null
	at jdk.proxy2/jdk.proxy2.$Proxy3.sayHi(Unknown Source)
	at com.elephant.ConsumerApplication.main(ConsumerApplication.java:52)
Caused by: java.util.concurrent.TimeoutException: null
	at java.base/java.util.concurrent.CompletableFuture.timedGet(CompletableFuture.java:1960)
	at java.base/java.util.concurrent.CompletableFuture.get(CompletableFuture.java:2095)
	at com.elephant.proxy.handler.RpcConsumerInvocationHandler.invoke(RpcConsumerInvocationHandler.java:138)
	... 2 common frames omitted
2025-03-24 17:45:26.370 ERROR com.elephant.ConsumerApplication                  :55   [32m                  [0;39m Error occurred while calling sayHi
java.lang.reflect.UndeclaredThrowableException: null
	at jdk.proxy2/jdk.proxy2.$Proxy3.sayHi(Unknown Source)
	at com.elephant.ConsumerApplication.main(ConsumerApplication.java:52)
Caused by: java.util.concurrent.TimeoutException: null
	at java.base/java.util.concurrent.CompletableFuture.timedGet(CompletableFuture.java:1960)
	at java.base/java.util.concurrent.CompletableFuture.get(CompletableFuture.java:2095)
	at com.elephant.proxy.handler.RpcConsumerInvocationHandler.invoke(RpcConsumerInvocationHandler.java:138)
	... 2 common frames omitted
2025-03-24 17:45:31.374 ERROR com.elephant.ConsumerApplication                  :55   [32m                  [0;39m Error occurred while calling sayHi
java.lang.reflect.UndeclaredThrowableException: null
	at jdk.proxy2/jdk.proxy2.$Proxy3.sayHi(Unknown Source)
	at com.elephant.ConsumerApplication.main(ConsumerApplication.java:52)
Caused by: java.util.concurrent.TimeoutException: null
	at java.base/java.util.concurrent.CompletableFuture.timedGet(CompletableFuture.java:1960)
	at java.base/java.util.concurrent.CompletableFuture.get(CompletableFuture.java:2095)
	at com.elephant.proxy.handler.RpcConsumerInvocationHandler.invoke(RpcConsumerInvocationHandler.java:138)
	... 2 common frames omitted
2025-03-24 17:45:36.389 ERROR com.elephant.ConsumerApplication                  :55   [32m                  [0;39m Error occurred while calling sayHi
java.lang.reflect.UndeclaredThrowableException: null
	at jdk.proxy2/jdk.proxy2.$Proxy3.sayHi(Unknown Source)
	at com.elephant.ConsumerApplication.main(ConsumerApplication.java:52)
Caused by: java.util.concurrent.TimeoutException: null
	at java.base/java.util.concurrent.CompletableFuture.timedGet(CompletableFuture.java:1960)
	at java.base/java.util.concurrent.CompletableFuture.get(CompletableFuture.java:2095)
	at com.elephant.proxy.handler.RpcConsumerInvocationHandler.invoke(RpcConsumerInvocationHandler.java:138)
	... 2 common frames omitted
2025-03-24 17:45:41.397 ERROR com.elephant.ConsumerApplication                  :55   [32m                  [0;39m Error occurred while calling sayHi
java.lang.reflect.UndeclaredThrowableException: null
	at jdk.proxy2/jdk.proxy2.$Proxy3.sayHi(Unknown Source)
	at com.elephant.ConsumerApplication.main(ConsumerApplication.java:52)
Caused by: java.util.concurrent.TimeoutException: null
	at java.base/java.util.concurrent.CompletableFuture.timedGet(CompletableFuture.java:1960)
	at java.base/java.util.concurrent.CompletableFuture.get(CompletableFuture.java:2095)
	at com.elephant.proxy.handler.RpcConsumerInvocationHandler.invoke(RpcConsumerInvocationHandler.java:138)
	... 2 common frames omitted
2025-03-24 17:45:46.406 ERROR com.elephant.ConsumerApplication                  :55   [32m                  [0;39m Error occurred while calling sayHi
java.lang.reflect.UndeclaredThrowableException: null
	at jdk.proxy2/jdk.proxy2.$Proxy3.sayHi(Unknown Source)
	at com.elephant.ConsumerApplication.main(ConsumerApplication.java:52)
Caused by: java.util.concurrent.TimeoutException: null
	at java.base/java.util.concurrent.CompletableFuture.timedGet(CompletableFuture.java:1960)
	at java.base/java.util.concurrent.CompletableFuture.get(CompletableFuture.java:2095)
	at com.elephant.proxy.handler.RpcConsumerInvocationHandler.invoke(RpcConsumerInvocationHandler.java:138)
	... 2 common frames omitted
2025-03-24 17:45:51.417 ERROR com.elephant.ConsumerApplication                  :55   [32m                  [0;39m Error occurred while calling sayHi
java.lang.reflect.UndeclaredThrowableException: null
	at jdk.proxy2/jdk.proxy2.$Proxy3.sayHi(Unknown Source)
	at com.elephant.ConsumerApplication.main(ConsumerApplication.java:52)
Caused by: java.util.concurrent.TimeoutException: null
	at java.base/java.util.concurrent.CompletableFuture.timedGet(CompletableFuture.java:1960)
	at java.base/java.util.concurrent.CompletableFuture.get(CompletableFuture.java:2095)
	at com.elephant.proxy.handler.RpcConsumerInvocationHandler.invoke(RpcConsumerInvocationHandler.java:138)
	... 2 common frames omitted
2025-03-24 17:45:56.426 ERROR com.elephant.ConsumerApplication                  :55   [32m                  [0;39m Error occurred while calling sayHi
java.lang.reflect.UndeclaredThrowableException: null
	at jdk.proxy2/jdk.proxy2.$Proxy3.sayHi(Unknown Source)
	at com.elephant.ConsumerApplication.main(ConsumerApplication.java:52)
Caused by: java.util.concurrent.TimeoutException: null
	at java.base/java.util.concurrent.CompletableFuture.timedGet(CompletableFuture.java:1960)
	at java.base/java.util.concurrent.CompletableFuture.get(CompletableFuture.java:2095)
	at com.elephant.proxy.handler.RpcConsumerInvocationHandler.invoke(RpcConsumerInvocationHandler.java:138)
	... 2 common frames omitted
2025-03-24 17:46:01.426 ERROR com.elephant.ConsumerApplication                  :55   [32m                  [0;39m Error occurred while calling sayHi
java.lang.reflect.UndeclaredThrowableException: null
	at jdk.proxy2/jdk.proxy2.$Proxy3.sayHi(Unknown Source)
	at com.elephant.ConsumerApplication.main(ConsumerApplication.java:52)
Caused by: java.util.concurrent.TimeoutException: null
	at java.base/java.util.concurrent.CompletableFuture.timedGet(CompletableFuture.java:1960)
	at java.base/java.util.concurrent.CompletableFuture.get(CompletableFuture.java:2095)
	at com.elephant.proxy.handler.RpcConsumerInvocationHandler.invoke(RpcConsumerInvocationHandler.java:138)
	... 2 common frames omitted
2025-03-24 19:21:09.557 ERROR com.elephant.ConsumerApplication                  :55   [32m                  [0;39m Error occurred while calling sayHi
java.lang.reflect.UndeclaredThrowableException: null
	at jdk.proxy2/jdk.proxy2.$Proxy3.sayHi(Unknown Source)
	at com.elephant.ConsumerApplication.main(ConsumerApplication.java:52)
Caused by: java.util.concurrent.TimeoutException: null
	at java.base/java.util.concurrent.CompletableFuture.timedGet(CompletableFuture.java:1960)
	at java.base/java.util.concurrent.CompletableFuture.get(CompletableFuture.java:2095)
	at com.elephant.proxy.handler.RpcConsumerInvocationHandler.invoke(RpcConsumerInvocationHandler.java:138)
	... 2 common frames omitted
2025-03-24 19:28:05.891 ERROR com.elephant.ConsumerApplication                  :55   [32m                  [0;39m Error occurred while calling sayHi
java.lang.reflect.UndeclaredThrowableException: null
	at jdk.proxy2/jdk.proxy2.$Proxy3.sayHi(Unknown Source)
	at com.elephant.ConsumerApplication.main(ConsumerApplication.java:52)
Caused by: java.util.concurrent.TimeoutException: null
	at java.base/java.util.concurrent.CompletableFuture.timedGet(CompletableFuture.java:1960)
	at java.base/java.util.concurrent.CompletableFuture.get(CompletableFuture.java:2095)
	at com.elephant.proxy.handler.RpcConsumerInvocationHandler.invoke(RpcConsumerInvocationHandler.java:138)
	... 2 common frames omitted
2025-03-24 19:28:10.895 ERROR com.elephant.ConsumerApplication                  :55   [32m                  [0;39m Error occurred while calling sayHi
java.lang.reflect.UndeclaredThrowableException: null
	at jdk.proxy2/jdk.proxy2.$Proxy3.sayHi(Unknown Source)
	at com.elephant.ConsumerApplication.main(ConsumerApplication.java:52)
Caused by: java.util.concurrent.TimeoutException: null
	at java.base/java.util.concurrent.CompletableFuture.timedGet(CompletableFuture.java:1960)
	at java.base/java.util.concurrent.CompletableFuture.get(CompletableFuture.java:2095)
	at com.elephant.proxy.handler.RpcConsumerInvocationHandler.invoke(RpcConsumerInvocationHandler.java:138)
	... 2 common frames omitted
2025-03-24 19:28:15.897 ERROR com.elephant.ConsumerApplication                  :55   [32m                  [0;39m Error occurred while calling sayHi
java.lang.reflect.UndeclaredThrowableException: null
	at jdk.proxy2/jdk.proxy2.$Proxy3.sayHi(Unknown Source)
	at com.elephant.ConsumerApplication.main(ConsumerApplication.java:52)
Caused by: java.util.concurrent.TimeoutException: null
	at java.base/java.util.concurrent.CompletableFuture.timedGet(CompletableFuture.java:1960)
	at java.base/java.util.concurrent.CompletableFuture.get(CompletableFuture.java:2095)
	at com.elephant.proxy.handler.RpcConsumerInvocationHandler.invoke(RpcConsumerInvocationHandler.java:138)
	... 2 common frames omitted
